<?xml version="1.0" encoding="UTF-8"?>
<testsuite name="c.prog.TheaterChairsProblemTest" tests="3" skipped="0" failures="0" errors="0" timestamp="2026-04-30T16:17:51.596Z" hostname="adrians-macbook-air.home" time="0.078">
  <properties/>
  <testcase name="testMaxSequence()" classname="c.prog.TheaterChairsProblemTest" time="0.036"/>
  <testcase name="testEmptyPrices()" classname="c.prog.TheaterChairsProblemTest" time="0.015"/>
  <testcase name="testBudgetTooSmall()" classname="c.prog.TheaterChairsProblemTest" time="0.002"/>
  <system-out><![CDATA[Max sum: 60
Budget: 60
Max sum: 100
Budget: 100
Max sum: 30
Budget: 35
Max sum: 0
Budget: 100
Max sum: 0
Budget: 5
]]></system-out>
  <system-err><![CDATA[]]></system-err>
</testsuite>
